

Started GET "/users/sign_up" for 127.0.0.1 at 2014-07-03 17:57:16 +0800
Processing by Devise::RegistrationsController#new as HTML
  Rendered devise/shared/_links.erb (1.2ms)
  Rendered devise/registrations/new.html.erb within layouts/application (162.9ms)
Completed 200 OK in 1003ms (Views: 959.4ms)


Started GET "/assets/application.css?body=1" for 127.0.0.1 at 2014-07-03 17:57:17 +0800


Started GET "/assets/turbolinks.js?body=1" for 127.0.0.1 at 2014-07-03 17:57:17 +0800


Started GET "/assets/application.js?body=1" for 127.0.0.1 at 2014-07-03 17:57:17 +0800


Started GET "/assets/jquery_ujs.js?body=1" for 127.0.0.1 at 2014-07-03 17:57:17 +0800


Started GET "/assets/jquery.js?body=1" for 127.0.0.1 at 2014-07-03 17:57:17 +0800


Started POST "/users" for 127.0.0.1 at 2014-07-03 17:57:29 +0800
Processing by Devise::RegistrationsController#create as HTML
  Parameters: {"utf8"=>"✓", "authenticity_token"=>"tHTxA/VlnlVYD7c69KP7e8TG3bfN14tIV6A2f2pdmlc=", "user"=>{"email"=>"test@test.com", "password"=>"[FILTERED]", "password_confirmation"=>"[FILTERED]"}, "commit"=>"Sign up"}
  MOPED: 127.0.0.1:27017 COMMAND      database=admin command={:ismaster=>1} runtime: 1.2550ms
  MOPED: Retrying connection attempt 1 more time(s). runtime: n/a
  MOPED: 127.0.0.1:27017 COMMAND      database=admin command={:ismaster=>1} runtime: 1.5800ms
Completed 500 Internal Server Error in 355ms

Moped::Errors::ConnectionFailure (Could not connect to a primary node for replica set #<Moped::Cluster:70156084929240 @seeds=[<Moped::Node resolved_address="127.0.0.1:27017">]>):
  moped (2.0.0) lib/moped/cluster.rb:248:in `with_primary'
  moped (2.0.0) lib/moped/read_preference/primary.rb:55:in `block in with_node'
  moped (2.0.0) lib/moped/read_preference/selectable.rb:65:in `call'
  moped (2.0.0) lib/moped/read_preference/selectable.rb:65:in `with_retry'
  moped (2.0.0) lib/moped/read_preference/selectable.rb:71:in `rescue in with_retry'
  moped (2.0.0) lib/moped/read_preference/selectable.rb:64:in `with_retry'
  moped (2.0.0) lib/moped/read_preference/primary.rb:54:in `with_node'
  moped (2.0.0) lib/moped/query.rb:127:in `first'
  /Users/daneil/.rvm/gems/ruby-2.1.1/bundler/gems/mongoid-e01daa736235/lib/mongoid/query_cache.rb:187:in `block in first_with_cache'
  /Users/daneil/.rvm/gems/ruby-2.1.1/bundler/gems/mongoid-e01daa736235/lib/mongoid/query_cache.rb:135:in `with_cache'
  /Users/daneil/.rvm/gems/ruby-2.1.1/bundler/gems/mongoid-e01daa736235/lib/mongoid/query_cache.rb:186:in `first_with_cache'
  /Users/daneil/.rvm/gems/ruby-2.1.1/bundler/gems/mongoid-e01daa736235/lib/mongoid/contextual/mongo.rb:149:in `block in exists?'
  /Users/daneil/.rvm/gems/ruby-2.1.1/bundler/gems/mongoid-e01daa736235/lib/mongoid/contextual/mongo.rb:447:in `try_cache'
  /Users/daneil/.rvm/gems/ruby-2.1.1/bundler/gems/mongoid-e01daa736235/lib/mongoid/contextual/mongo.rb:148:in `exists?'
  /Users/daneil/.rvm/gems/ruby-2.1.1/bundler/gems/mongoid-e01daa736235/lib/mongoid/contextual.rb:20:in `exists?'
  /Users/daneil/.rvm/gems/ruby-2.1.1/bundler/gems/mongoid-e01daa736235/lib/mongoid/validatable/uniqueness.rb:277:in `validate_root'
  /Users/daneil/.rvm/gems/ruby-2.1.1/bundler/gems/mongoid-e01daa736235/lib/mongoid/validatable/uniqueness.rb:48:in `block in validate_each'
  /Users/daneil/.rvm/gems/ruby-2.1.1/bundler/gems/mongoid-e01daa736235/lib/mongoid/validatable/queryable.rb:23:in `with_query'
  /Users/daneil/.rvm/gems/ruby-2.1.1/bundler/gems/mongoid-e01daa736235/lib/mongoid/validatable/uniqueness.rb:42:in `validate_each'
  activemodel (4.1.0) lib/active_model/validator.rb:167:in `block in validate'
  activemodel (4.1.0) lib/active_model/validator.rb:164:in `each'
  activemodel (4.1.0) lib/active_model/validator.rb:164:in `validate'
  activesupport (4.1.0) lib/active_support/callbacks.rb:447:in `public_send'
  activesupport (4.1.0) lib/active_support/callbacks.rb:447:in `block in make_lambda'
  activesupport (4.1.0) lib/active_support/callbacks.rb:176:in `call'
  activesupport (4.1.0) lib/active_support/callbacks.rb:176:in `block in conditional'
  activesupport (4.1.0) lib/active_support/callbacks.rb:178:in `call'
  activesupport (4.1.0) lib/active_support/callbacks.rb:178:in `block in conditional'
  activesupport (4.1.0) lib/active_support/callbacks.rb:86:in `call'
  activesupport (4.1.0) lib/active_support/callbacks.rb:86:in `run_callbacks'
  /Users/daneil/.rvm/gems/ruby-2.1.1/bundler/gems/mongoid-e01daa736235/lib/mongoid/interceptable.rb:138:in `run_callbacks'
  activemodel (4.1.0) lib/active_model/validations.rb:376:in `run_validations!'
  activemodel (4.1.0) lib/active_model/validations/callbacks.rb:111:in `block in run_validations!'
  activesupport (4.1.0) lib/active_support/callbacks.rb:113:in `call'
  activesupport (4.1.0) lib/active_support/callbacks.rb:113:in `call'
  activesupport (4.1.0) lib/active_support/callbacks.rb:166:in `block in halting'
  activesupport (4.1.0) lib/active_support/callbacks.rb:166:in `call'
  activesupport (4.1.0) lib/active_support/callbacks.rb:166:in `block in halting'
  activesupport (4.1.0) lib/active_support/callbacks.rb:86:in `call'
  activesupport (4.1.0) lib/active_support/callbacks.rb:86:in `run_callbacks'
  /Users/daneil/.rvm/gems/ruby-2.1.1/bundler/gems/mongoid-e01daa736235/lib/mongoid/interceptable.rb:138:in `run_callbacks'
  activemodel (4.1.0) lib/active_model/validations/callbacks.rb:111:in `run_validations!'
  activemodel (4.1.0) lib/active_model/validations.rb:317:in `valid?'
  /Users/daneil/.rvm/gems/ruby-2.1.1/bundler/gems/mongoid-e01daa736235/lib/mongoid/validatable.rb:97:in `valid?'
  activemodel (4.1.0) lib/active_model/validations.rb:352:in `invalid?'
  /Users/daneil/.rvm/gems/ruby-2.1.1/bundler/gems/mongoid-e01daa736235/lib/mongoid/persistable/creatable.rb:114:in `prepare_insert'
  /Users/daneil/.rvm/gems/ruby-2.1.1/bundler/gems/mongoid-e01daa736235/lib/mongoid/persistable/creatable.rb:23:in `insert'
  /Users/daneil/.rvm/gems/ruby-2.1.1/bundler/gems/mongoid-e01daa736235/lib/mongoid/persistable/savable.rb:23:in `save'
  devise (3.2.4) app/controllers/devise/registrations_controller.rb:15:in `create'
  actionpack (4.1.0) lib/action_controller/metal/implicit_render.rb:4:in `send_action'
  actionpack (4.1.0) lib/abstract_controller/base.rb:189:in `process_action'
  actionpack (4.1.0) lib/action_controller/metal/rendering.rb:10:in `process_action'
  actionpack (4.1.0) lib/abstract_controller/callbacks.rb:20:in `block in process_action'
  activesupport (4.1.0) lib/active_support/callbacks.rb:113:in `call'
  activesupport (4.1.0) lib/active_support/callbacks.rb:113:in `call'
  activesupport (4.1.0) lib/active_support/callbacks.rb:229:in `block in halting'
  activesupport (4.1.0) lib/active_support/callbacks.rb:229:in `call'
  activesupport (4.1.0) lib/active_support/callbacks.rb:229:in `block in halting'
  activesupport (4.1.0) lib/active_support/callbacks.rb:166:in `call'
  activesupport (4.1.0) lib/active_support/callbacks.rb:166:in `block in halting'
  activesupport (4.1.0) lib/active_support/callbacks.rb:166:in `call'
  activesupport (4.1.0) lib/active_support/callbacks.rb:166:in `block in halting'
  activesupport (4.1.0) lib/active_support/callbacks.rb:166:in `call'
  activesupport (4.1.0) lib/active_support/callbacks.rb:166:in `block in halting'
  activesupport (4.1.0) lib/active_support/callbacks.rb:166:in `call'
  activesupport (4.1.0) lib/active_support/callbacks.rb:166:in `block in halting'
  activesupport (4.1.0) lib/active_support/callbacks.rb:149:in `call'
  activesupport (4.1.0) lib/active_support/callbacks.rb:149:in `block in halting_and_conditional'
  activesupport (4.1.0) lib/active_support/callbacks.rb:149:in `call'
  activesupport (4.1.0) lib/active_support/callbacks.rb:149:in `block in halting_and_conditional'
  activesupport (4.1.0) lib/active_support/callbacks.rb:86:in `call'
  activesupport (4.1.0) lib/active_support/callbacks.rb:86:in `run_callbacks'
  actionpack (4.1.0) lib/abstract_controller/callbacks.rb:19:in `process_action'
  actionpack (4.1.0) lib/action_controller/metal/rescue.rb:29:in `process_action'
  actionpack (4.1.0) lib/action_controller/metal/instrumentation.rb:31:in `block in process_action'
  activesupport (4.1.0) lib/active_support/notifications.rb:159:in `block in instrument'
  activesupport (4.1.0) lib/active_support/notifications/instrumenter.rb:20:in `instrument'
  activesupport (4.1.0) lib/active_support/notifications.rb:159:in `instrument'
  actionpack (4.1.0) lib/action_controller/metal/instrumentation.rb:30:in `process_action'
  actionpack (4.1.0) lib/action_controller/metal/params_wrapper.rb:250:in `process_action'
  actionpack (4.1.0) lib/abstract_controller/base.rb:136:in `process'
  actionview (4.1.0) lib/action_view/rendering.rb:30:in `process'
  actionpack (4.1.0) lib/action_controller/metal.rb:195:in `dispatch'
  actionpack (4.1.0) lib/action_controller/metal/rack_delegation.rb:13:in `dispatch'
  actionpack (4.1.0) lib/action_controller/metal.rb:231:in `block in action'
  actionpack (4.1.0) lib/action_dispatch/routing/route_set.rb:80:in `call'
  actionpack (4.1.0) lib/action_dispatch/routing/route_set.rb:80:in `dispatch'
  actionpack (4.1.0) lib/action_dispatch/routing/route_set.rb:48:in `call'
  actionpack (4.1.0) lib/action_dispatch/routing/mapper.rb:45:in `call'
  actionpack (4.1.0) lib/action_dispatch/journey/router.rb:71:in `block in call'
  actionpack (4.1.0) lib/action_dispatch/journey/router.rb:59:in `each'
  actionpack (4.1.0) lib/action_dispatch/journey/router.rb:59:in `call'
  actionpack (4.1.0) lib/action_dispatch/routing/route_set.rb:676:in `call'
  warden (1.2.3) lib/warden/manager.rb:35:in `block in call'
  warden (1.2.3) lib/warden/manager.rb:34:in `catch'
  warden (1.2.3) lib/warden/manager.rb:34:in `call'
  rack (1.5.2) lib/rack/etag.rb:23:in `call'
  rack (1.5.2) lib/rack/conditionalget.rb:35:in `call'
  rack (1.5.2) lib/rack/head.rb:11:in `call'
  actionpack (4.1.0) lib/action_dispatch/middleware/params_parser.rb:27:in `call'
  actionpack (4.1.0) lib/action_dispatch/middleware/flash.rb:254:in `call'
  rack (1.5.2) lib/rack/session/abstract/id.rb:225:in `context'
  rack (1.5.2) lib/rack/session/abstract/id.rb:220:in `call'
  actionpack (4.1.0) lib/action_dispatch/middleware/cookies.rb:560:in `call'
  actionpack (4.1.0) lib/action_dispatch/middleware/callbacks.rb:29:in `block in call'
  activesupport (4.1.0) lib/active_support/callbacks.rb:82:in `run_callbacks'
  actionpack (4.1.0) lib/action_dispatch/middleware/callbacks.rb:27:in `call'
  actionpack (4.1.0) lib/action_dispatch/middleware/reloader.rb:73:in `call'
  actionpack (4.1.0) lib/action_dispatch/middleware/remote_ip.rb:76:in `call'
  actionpack (4.1.0) lib/action_dispatch/middleware/debug_exceptions.rb:17:in `call'
  actionpack (4.1.0) lib/action_dispatch/middleware/show_exceptions.rb:30:in `call'
  railties (4.1.0) lib/rails/rack/logger.rb:38:in `call_app'
  railties (4.1.0) lib/rails/rack/logger.rb:20:in `block in call'
  activesupport (4.1.0) lib/active_support/tagged_logging.rb:68:in `block in tagged'
  activesupport (4.1.0) lib/active_support/tagged_logging.rb:26:in `tagged'
  activesupport (4.1.0) lib/active_support/tagged_logging.rb:68:in `tagged'
  railties (4.1.0) lib/rails/rack/logger.rb:20:in `call'
  actionpack (4.1.0) lib/action_dispatch/middleware/request_id.rb:21:in `call'
  rack (1.5.2) lib/rack/methodoverride.rb:21:in `call'
  rack (1.5.2) lib/rack/runtime.rb:17:in `call'
  activesupport (4.1.0) lib/active_support/cache/strategy/local_cache_middleware.rb:26:in `call'
  rack (1.5.2) lib/rack/lock.rb:17:in `call'
  actionpack (4.1.0) lib/action_dispatch/middleware/static.rb:64:in `call'
  rack (1.5.2) lib/rack/sendfile.rb:112:in `call'
  railties (4.1.0) lib/rails/engine.rb:514:in `call'
  railties (4.1.0) lib/rails/application.rb:144:in `call'
  rack (1.5.2) lib/rack/lock.rb:17:in `call'
  rack (1.5.2) lib/rack/content_length.rb:14:in `call'
  rack (1.5.2) lib/rack/handler/webrick.rb:60:in `service'
  /Users/daneil/.rvm/rubies/ruby-2.1.1/lib/ruby/2.1.0/webrick/httpserver.rb:138:in `service'
  /Users/daneil/.rvm/rubies/ruby-2.1.1/lib/ruby/2.1.0/webrick/httpserver.rb:94:in `run'
  /Users/daneil/.rvm/rubies/ruby-2.1.1/lib/ruby/2.1.0/webrick/server.rb:295:in `block in start_thread'


  Rendered /Users/daneil/.rvm/gems/ruby-2.1.1/gems/actionpack-4.1.0/lib/action_dispatch/middleware/templates/rescues/_source.erb (0.7ms)
  Rendered /Users/daneil/.rvm/gems/ruby-2.1.1/gems/actionpack-4.1.0/lib/action_dispatch/middleware/templates/rescues/_trace.html.erb (2.5ms)
  Rendered /Users/daneil/.rvm/gems/ruby-2.1.1/gems/actionpack-4.1.0/lib/action_dispatch/middleware/templates/rescues/_request_and_response.html.erb (1.2ms)
  Rendered /Users/daneil/.rvm/gems/ruby-2.1.1/gems/actionpack-4.1.0/lib/action_dispatch/middleware/templates/rescues/diagnostics.erb within rescues/layout (29.7ms)


Started GET "/users" for 127.0.0.1 at 2014-07-03 17:58:21 +0800

ActionController::RoutingError (No route matches [GET] "/users"):
  actionpack (4.1.0) lib/action_dispatch/middleware/debug_exceptions.rb:21:in `call'
  actionpack (4.1.0) lib/action_dispatch/middleware/show_exceptions.rb:30:in `call'
  railties (4.1.0) lib/rails/rack/logger.rb:38:in `call_app'
  railties (4.1.0) lib/rails/rack/logger.rb:20:in `block in call'
  activesupport (4.1.0) lib/active_support/tagged_logging.rb:68:in `block in tagged'
  activesupport (4.1.0) lib/active_support/tagged_logging.rb:26:in `tagged'
  activesupport (4.1.0) lib/active_support/tagged_logging.rb:68:in `tagged'
  railties (4.1.0) lib/rails/rack/logger.rb:20:in `call'
  actionpack (4.1.0) lib/action_dispatch/middleware/request_id.rb:21:in `call'
  rack (1.5.2) lib/rack/methodoverride.rb:21:in `call'
  rack (1.5.2) lib/rack/runtime.rb:17:in `call'
  activesupport (4.1.0) lib/active_support/cache/strategy/local_cache_middleware.rb:26:in `call'
  rack (1.5.2) lib/rack/lock.rb:17:in `call'
  actionpack (4.1.0) lib/action_dispatch/middleware/static.rb:64:in `call'
  rack (1.5.2) lib/rack/sendfile.rb:112:in `call'
  railties (4.1.0) lib/rails/engine.rb:514:in `call'
  railties (4.1.0) lib/rails/application.rb:144:in `call'
  rack (1.5.2) lib/rack/lock.rb:17:in `call'
  rack (1.5.2) lib/rack/content_length.rb:14:in `call'
  rack (1.5.2) lib/rack/handler/webrick.rb:60:in `service'
  /Users/daneil/.rvm/rubies/ruby-2.1.1/lib/ruby/2.1.0/webrick/httpserver.rb:138:in `service'
  /Users/daneil/.rvm/rubies/ruby-2.1.1/lib/ruby/2.1.0/webrick/httpserver.rb:94:in `run'
  /Users/daneil/.rvm/rubies/ruby-2.1.1/lib/ruby/2.1.0/webrick/server.rb:295:in `block in start_thread'


  Rendered /Users/daneil/.rvm/gems/ruby-2.1.1/gems/actionpack-4.1.0/lib/action_dispatch/middleware/templates/rescues/_trace.html.erb (1.9ms)
  Rendered /Users/daneil/.rvm/gems/ruby-2.1.1/gems/actionpack-4.1.0/lib/action_dispatch/middleware/templates/routes/_route.html.erb (2.0ms)
  Rendered /Users/daneil/.rvm/gems/ruby-2.1.1/gems/actionpack-4.1.0/lib/action_dispatch/middleware/templates/routes/_table.html.erb (16.7ms)
  Rendered /Users/daneil/.rvm/gems/ruby-2.1.1/gems/actionpack-4.1.0/lib/action_dispatch/middleware/templates/rescues/routing_error.html.erb within rescues/layout (49.9ms)


Started GET "/users/sign_up" for 127.0.0.1 at 2014-07-03 17:58:25 +0800
Processing by Devise::RegistrationsController#new as HTML
  Rendered devise/shared/_links.erb (0.3ms)
  Rendered devise/registrations/new.html.erb within layouts/application (3.9ms)
Completed 200 OK in 10ms (Views: 8.9ms)


Started POST "/users" for 127.0.0.1 at 2014-07-03 17:58:33 +0800
Processing by Devise::RegistrationsController#create as HTML
  Parameters: {"utf8"=>"✓", "authenticity_token"=>"tHTxA/VlnlVYD7c69KP7e8TG3bfN14tIV6A2f2pdmlc=", "user"=>{"email"=>"test@test.com", "password"=>"[FILTERED]", "password_confirmation"=>"[FILTERED]"}, "commit"=>"Sign up"}
  MOPED: 127.0.0.1:27017 COMMAND      database=admin command={:ismaster=>1} runtime: 1.4240ms
  MOPED: 127.0.0.1:27017 QUERY        database=mongodb_app_development collection=users selector={"email"=>"test@test.com"} flags=[] limit=-1 skip=0 batch_size=nil fields={:_id=>1} runtime: 0.8870ms
  Rendered devise/shared/_links.erb (0.2ms)
  Rendered devise/registrations/new.html.erb within layouts/application (4.0ms)
Completed 200 OK in 94ms (Views: 8.0ms)


Started POST "/users" for 127.0.0.1 at 2014-07-03 17:58:47 +0800
Processing by Devise::RegistrationsController#create as HTML
  Parameters: {"utf8"=>"✓", "authenticity_token"=>"tHTxA/VlnlVYD7c69KP7e8TG3bfN14tIV6A2f2pdmlc=", "user"=>{"email"=>"test@test.com", "password"=>"[FILTERED]", "password_confirmation"=>"[FILTERED]"}, "commit"=>"Sign up"}
  MOPED: 127.0.0.1:27017 QUERY        database=mongodb_app_development collection=users selector={"email"=>"test@test.com"} flags=[] limit=-1 skip=0 batch_size=nil fields={:_id=>1} runtime: 0.6010ms
  MOPED: 127.0.0.1:27017 INSERT       database=mongodb_app_development collection=users documents=[{"_id"=>BSON::ObjectId('53b5295764616ec272000000'), "email"=>"test@test.com", "encrypted_password"=>"$2a$10$.SSgbQsuC6AOK50XhpTa4uNUg697ZGT8lEMMRwlHqUesS05qgdpFW", "sign_in_count"=>0}] flags=[]
                         COMMAND      database=mongodb_app_development command={:getlasterror=>1, :w=>1} runtime: 1399.6090ms
  MOPED: 127.0.0.1:27017 UPDATE       database=mongodb_app_development collection=users selector={"_id"=>BSON::ObjectId('53b5295764616ec272000000')} update={"$set"=>{"last_sign_in_at"=>2014-07-03 09:58:48 UTC, "current_sign_in_at"=>2014-07-03 09:58:48 UTC, "last_sign_in_ip"=>"127.0.0.1", "current_sign_in_ip"=>"127.0.0.1", "sign_in_count"=>1}} flags=[]
                         COMMAND      database=mongodb_app_development command={:getlasterror=>1, :w=>1} runtime: 0.9360ms
Redirected to http://localhost:3000/
Completed 302 Found in 1488ms


Started GET "/" for 127.0.0.1 at 2014-07-03 17:58:48 +0800

ActionController::RoutingError (uninitialized constant HomeController):
  activesupport (4.1.0) lib/active_support/inflector/methods.rb:238:in `const_get'
  activesupport (4.1.0) lib/active_support/inflector/methods.rb:238:in `block in constantize'
  activesupport (4.1.0) lib/active_support/inflector/methods.rb:236:in `each'
  activesupport (4.1.0) lib/active_support/inflector/methods.rb:236:in `inject'
  activesupport (4.1.0) lib/active_support/inflector/methods.rb:236:in `constantize'
  actionpack (4.1.0) lib/action_dispatch/routing/route_set.rb:76:in `controller_reference'
  actionpack (4.1.0) lib/action_dispatch/routing/route_set.rb:66:in `controller'
  actionpack (4.1.0) lib/action_dispatch/routing/route_set.rb:44:in `call'
  actionpack (4.1.0) lib/action_dispatch/journey/router.rb:71:in `block in call'
  actionpack (4.1.0) lib/action_dispatch/journey/router.rb:59:in `each'
  actionpack (4.1.0) lib/action_dispatch/journey/router.rb:59:in `call'
  actionpack (4.1.0) lib/action_dispatch/routing/route_set.rb:676:in `call'
  warden (1.2.3) lib/warden/manager.rb:35:in `block in call'
  warden (1.2.3) lib/warden/manager.rb:34:in `catch'
  warden (1.2.3) lib/warden/manager.rb:34:in `call'
  rack (1.5.2) lib/rack/etag.rb:23:in `call'
  rack (1.5.2) lib/rack/conditionalget.rb:25:in `call'
  rack (1.5.2) lib/rack/head.rb:11:in `call'
  actionpack (4.1.0) lib/action_dispatch/middleware/params_parser.rb:27:in `call'
  actionpack (4.1.0) lib/action_dispatch/middleware/flash.rb:254:in `call'
  rack (1.5.2) lib/rack/session/abstract/id.rb:225:in `context'
  rack (1.5.2) lib/rack/session/abstract/id.rb:220:in `call'
  actionpack (4.1.0) lib/action_dispatch/middleware/cookies.rb:560:in `call'
  actionpack (4.1.0) lib/action_dispatch/middleware/callbacks.rb:29:in `block in call'
  activesupport (4.1.0) lib/active_support/callbacks.rb:82:in `run_callbacks'
  actionpack (4.1.0) lib/action_dispatch/middleware/callbacks.rb:27:in `call'
  actionpack (4.1.0) lib/action_dispatch/middleware/reloader.rb:73:in `call'
  actionpack (4.1.0) lib/action_dispatch/middleware/remote_ip.rb:76:in `call'
  actionpack (4.1.0) lib/action_dispatch/middleware/debug_exceptions.rb:17:in `call'
  actionpack (4.1.0) lib/action_dispatch/middleware/show_exceptions.rb:30:in `call'
  railties (4.1.0) lib/rails/rack/logger.rb:38:in `call_app'
  railties (4.1.0) lib/rails/rack/logger.rb:20:in `block in call'
  activesupport (4.1.0) lib/active_support/tagged_logging.rb:68:in `block in tagged'
  activesupport (4.1.0) lib/active_support/tagged_logging.rb:26:in `tagged'
  activesupport (4.1.0) lib/active_support/tagged_logging.rb:68:in `tagged'
  railties (4.1.0) lib/rails/rack/logger.rb:20:in `call'
  actionpack (4.1.0) lib/action_dispatch/middleware/request_id.rb:21:in `call'
  rack (1.5.2) lib/rack/methodoverride.rb:21:in `call'
  rack (1.5.2) lib/rack/runtime.rb:17:in `call'
  activesupport (4.1.0) lib/active_support/cache/strategy/local_cache_middleware.rb:26:in `call'
  rack (1.5.2) lib/rack/lock.rb:17:in `call'
  actionpack (4.1.0) lib/action_dispatch/middleware/static.rb:64:in `call'
  rack (1.5.2) lib/rack/sendfile.rb:112:in `call'
  railties (4.1.0) lib/rails/engine.rb:514:in `call'
  railties (4.1.0) lib/rails/application.rb:144:in `call'
  rack (1.5.2) lib/rack/lock.rb:17:in `call'
  rack (1.5.2) lib/rack/content_length.rb:14:in `call'
  rack (1.5.2) lib/rack/handler/webrick.rb:60:in `service'
  /Users/daneil/.rvm/rubies/ruby-2.1.1/lib/ruby/2.1.0/webrick/httpserver.rb:138:in `service'
  /Users/daneil/.rvm/rubies/ruby-2.1.1/lib/ruby/2.1.0/webrick/httpserver.rb:94:in `run'
  /Users/daneil/.rvm/rubies/ruby-2.1.1/lib/ruby/2.1.0/webrick/server.rb:295:in `block in start_thread'


  Rendered /Users/daneil/.rvm/gems/ruby-2.1.1/gems/actionpack-4.1.0/lib/action_dispatch/middleware/templates/rescues/_trace.html.erb (1.5ms)
  Rendered /Users/daneil/.rvm/gems/ruby-2.1.1/gems/actionpack-4.1.0/lib/action_dispatch/middleware/templates/routes/_route.html.erb (3.5ms)
  Rendered /Users/daneil/.rvm/gems/ruby-2.1.1/gems/actionpack-4.1.0/lib/action_dispatch/middleware/templates/routes/_table.html.erb (1.8ms)
  Rendered /Users/daneil/.rvm/gems/ruby-2.1.1/gems/actionpack-4.1.0/lib/action_dispatch/middleware/templates/rescues/routing_error.html.erb within rescues/layout (32.2ms)
